<?xml version="1.0" encoding="UTF-8"?>
<!-- Generated by org.testng.reporters.JUnitXMLReporter -->
<testsuite ignored="0" hostname="DESKTOP-DCUKDOL" failures="1" tests="2" name="AllTests(failed)" time="8.353" errors="0" timestamp="2026-02-21T21:07:22 IST">
  <testcase classname="TestNGSuit.Swag_ValidInValid" name="SwagValidInValidLogin" time="2.028">
    <failure type="java.lang.AssertionError" message="Error Message is not matching expected [Epic sadface: Username and password do not match any user in this servi] but found [Epic sadface: Username and password do not match any user in this service]">
      <![CDATA[java.lang.AssertionError: Error Message is not matching expected [Epic sadface: Username and password do not match any user in this servi] but found [Epic sadface: Username and password do not match any user in this service]
at TestNGSuit.Swag_ValidInValid.SwagValidInValidLogin(Swag_ValidInValid.java:38)
at java.base/java.util.ArrayList.forEach(ArrayList.java:1604)
... Removed 30 stack frames]]>
    </failure>
  </testcase> <!-- SwagValidInValidLogin -->
  <testcase classname="TestNGSuit.SwagValidValid" name="SwagValidValidLogin" time="0.68"/>
</testsuite> <!-- AllTests(failed) -->
