<?xml version="1.0" encoding="UTF-8"?>
<!-- Generated by org.testng.reporters.JUnitXMLReporter -->
<testsuite ignored="0" hostname="DESKTOP-DCUKDOL" failures="0" tests="5" name="Default test" time="0.067" errors="0" timestamp="2026-01-21T09:50:59 IST">
  <testcase classname="TestNG.SampleTestNG_Script" name="Hyderabad" time="0.01"/>
  <testcase classname="TestNG.SampleTestNG_Script" name="Telengana" time="0.001"/>
  <testcase classname="TestNG.SampleTestNG_Script" name="India" time="0.001"/>
  <testcase classname="TestNG.SampleTestNG_Script" name="India" time="0.001"/>
  <testcase classname="TestNG.SampleTestNG_Script" name="India" time="0.0"/>
</testsuite> <!-- Default test -->
