<?xml version="1.0" encoding="UTF-8"?>
<!-- Generated by org.testng.reporters.JUnitXMLReporter -->
<testsuite ignored="0" hostname="DESKTOP-DCUKDOL" failures="2" tests="2" name="AllTests" time="9.056" errors="0" timestamp="2026-02-21T21:05:01 IST">
  <testcase classname="TestNGSuit.SwagValidValid" name="SwagValidValidLogin" time="0.695">
    <failure type="java.lang.AssertionError" message="The following asserts failed:
	Login Failed expected [https://www.saucedemo.com/inventory.ht] but found [https://www.saucedemo.com/inventory.html]">
      <![CDATA[java.lang.AssertionError: The following asserts failed:
Login Failed expected [https://www.saucedemo.com/inventory.ht] but found [https://www.saucedemo.com/inventory.html]
at TestNGSuit.SwagValidValid.SwagValidValidLogin(SwagValidValid.java:40)
at java.base/java.util.ArrayList.forEach(ArrayList.java:1604)
... Removed 27 stack frames]]>
    </failure>
  </testcase> <!-- SwagValidValidLogin -->
  <testcase classname="TestNGSuit.Swag_ValidInValid" name="SwagValidInValidLogin" time="0.735">
    <failure type="java.lang.AssertionError" message="Error Message is not matching expected [Epic sadface: Username and password do not match any user in this servi] but found [Epic sadface: Username and password do not match any user in this service]">
      <![CDATA[java.lang.AssertionError: Error Message is not matching expected [Epic sadface: Username and password do not match any user in this servi] but found [Epic sadface: Username and password do not match any user in this service]
at TestNGSuit.Swag_ValidInValid.SwagValidInValidLogin(Swag_ValidInValid.java:38)
at java.base/java.util.ArrayList.forEach(ArrayList.java:1604)
... Removed 30 stack frames]]>
    </failure>
  </testcase> <!-- SwagValidInValidLogin -->
</testsuite> <!-- AllTests -->
