<?xml version="1.0" encoding="UTF-8"?>
<testng-results ignored="0" total="2" passed="1" failed="1" skipped="0">
  <reporter-output>
  </reporter-output>
  <suite started-at="2026-02-21T21:07:14 IST" name="Failed suite [Swag_Suite]" finished-at="2026-02-21T21:07:22 IST" duration-ms="8353">
    <groups>
    </groups>
    <test started-at="2026-02-21T21:07:14 IST" name="AllTests(failed)" finished-at="2026-02-21T21:07:22 IST" duration-ms="8353">
      <class name="TestNGSuit.Swag_ValidInValid">
        <test-method is-config="true" signature="BrowserConfig()[pri:0, instance:TestNGSuit.Swag_ValidInValid@4ac3c60d]" started-at="2026-02-21T21:07:14 IST" name="BrowserConfig" finished-at="2026-02-21T21:07:16 IST" duration-ms="2161" status="PASS">
          <reporter-output>
          </reporter-output>
        </test-method> <!-- BrowserConfig -->
        <test-method signature="SwagValidInValidLogin()[pri:1, instance:TestNGSuit.Swag_ValidInValid@4ac3c60d]" started-at="2026-02-21T21:07:16 IST" name="SwagValidInValidLogin" finished-at="2026-02-21T21:07:18 IST" duration-ms="2028" status="FAIL">
          <exception class="java.lang.AssertionError">
            <message>
              <![CDATA[Error Message is not matching expected [Epic sadface: Username and password do not match any user in this servi] but found [Epic sadface: Username and password do not match any user in this service]]]>
            </message>
            <full-stacktrace>
              <![CDATA[java.lang.AssertionError: Error Message is not matching expected [Epic sadface: Username and password do not match any user in this servi] but found [Epic sadface: Username and password do not match any user in this service]
at org.testng.Assert.fail(Assert.java:111)
at org.testng.Assert.failNotEquals(Assert.java:1590)
at org.testng.Assert.assertEqualsImpl(Assert.java:150)
at org.testng.Assert.assertEquals(Assert.java:132)
at org.testng.Assert.assertEquals(Assert.java:656)
at TestNGSuit.Swag_ValidInValid.SwagValidInValidLogin(Swag_ValidInValid.java:38)
at java.base/jdk.internal.reflect.DirectMethodHandleAccessor.invoke(DirectMethodHandleAccessor.java:104)
at java.base/java.lang.reflect.Method.invoke(Method.java:565)
at org.testng.internal.invokers.MethodInvocationHelper.invokeMethod(MethodInvocationHelper.java:141)
at org.testng.internal.invokers.TestInvoker.invokeMethod(TestInvoker.java:687)
at org.testng.internal.invokers.TestInvoker.invokeTestMethod(TestInvoker.java:230)
at org.testng.internal.invokers.MethodRunner.runInSequence(MethodRunner.java:63)
at org.testng.internal.invokers.TestInvoker$MethodInvocationAgent.invoke(TestInvoker.java:995)
at org.testng.internal.invokers.TestInvoker.invokeTestMethods(TestInvoker.java:203)
at org.testng.internal.invokers.TestMethodWorker.invokeTestMethods(TestMethodWorker.java:154)
at org.testng.internal.invokers.TestMethodWorker.run(TestMethodWorker.java:134)
at java.base/java.util.ArrayList.forEach(ArrayList.java:1604)
at org.testng.TestRunner.privateRun(TestRunner.java:741)
at org.testng.TestRunner.run(TestRunner.java:616)
at org.testng.SuiteRunner.runTest(SuiteRunner.java:421)
at org.testng.SuiteRunner.runSequentially(SuiteRunner.java:413)
at org.testng.SuiteRunner.privateRun(SuiteRunner.java:373)
at org.testng.SuiteRunner.run(SuiteRunner.java:312)
at org.testng.SuiteRunnerWorker.runSuite(SuiteRunnerWorker.java:52)
at org.testng.SuiteRunnerWorker.run(SuiteRunnerWorker.java:95)
at org.testng.TestNG.runSuitesSequentially(TestNG.java:1274)
at org.testng.TestNG.runSuitesLocally(TestNG.java:1208)
at org.testng.TestNG.runSuites(TestNG.java:1112)
at org.testng.TestNG.run(TestNG.java:1079)
at org.testng.remote.AbstractRemoteTestNG.run(AbstractRemoteTestNG.java:115)
at org.testng.remote.RemoteTestNG.initAndRun(RemoteTestNG.java:293)
at org.testng.remote.RemoteTestNG.main(RemoteTestNG.java:91)
]]>
            </full-stacktrace>
          </exception> <!-- java.lang.AssertionError -->
          <reporter-output>
          </reporter-output>
        </test-method> <!-- SwagValidInValidLogin -->
        <test-method is-config="true" signature="BrowserTearDown()[pri:0, instance:TestNGSuit.Swag_ValidInValid@4ac3c60d]" started-at="2026-02-21T21:07:18 IST" name="BrowserTearDown" finished-at="2026-02-21T21:07:18 IST" duration-ms="213" status="PASS">
          <reporter-output>
          </reporter-output>
        </test-method> <!-- BrowserTearDown -->
      </class> <!-- TestNGSuit.Swag_ValidInValid -->
      <class name="TestNGSuit.SwagValidValid">
        <test-method is-config="true" signature="BrowserConfig()[pri:0, instance:TestNGSuit.SwagValidValid@3d74bf60]" started-at="2026-02-21T21:07:18 IST" name="BrowserConfig" finished-at="2026-02-21T21:07:22 IST" duration-ms="3025" status="PASS">
          <reporter-output>
          </reporter-output>
        </test-method> <!-- BrowserConfig -->
        <test-method signature="SwagValidValidLogin()[pri:0, instance:TestNGSuit.SwagValidValid@3d74bf60]" started-at="2026-02-21T21:07:22 IST" name="SwagValidValidLogin" finished-at="2026-02-21T21:07:22 IST" duration-ms="680" status="PASS">
          <reporter-output>
          </reporter-output>
        </test-method> <!-- SwagValidValidLogin -->
        <test-method is-config="true" signature="BrowserTearDown()[pri:0, instance:TestNGSuit.SwagValidValid@3d74bf60]" started-at="2026-02-21T21:07:22 IST" name="BrowserTearDown" finished-at="2026-02-21T21:07:22 IST" duration-ms="149" status="PASS">
          <reporter-output>
          </reporter-output>
        </test-method> <!-- BrowserTearDown -->
      </class> <!-- TestNGSuit.SwagValidValid -->
    </test> <!-- AllTests(failed) -->
  </suite> <!-- Failed suite [Swag_Suite] -->
</testng-results>
