<?xml version="1.0" encoding="UTF-8"?>
<testng-results ignored="0" total="5" passed="5" failed="0" skipped="0">
  <reporter-output>
  </reporter-output>
  <suite started-at="2026-01-21T09:50:59 IST" name="Default suite" finished-at="2026-01-21T09:50:59 IST" duration-ms="67">
    <groups>
    </groups>
    <test started-at="2026-01-21T09:50:59 IST" name="Default test" finished-at="2026-01-21T09:50:59 IST" duration-ms="67">
      <class name="TestNG.SampleTestNG_Script">
        <test-method signature="Hyderabad()[pri:0, instance:TestNG.SampleTestNG_Script@7334aada]" started-at="2026-01-21T09:50:59 IST" name="Hyderabad" finished-at="2026-01-21T09:50:59 IST" duration-ms="10" status="PASS">
          <reporter-output>
          </reporter-output>
        </test-method> <!-- Hyderabad -->
        <test-method signature="Telengana()[pri:0, instance:TestNG.SampleTestNG_Script@7334aada]" started-at="2026-01-21T09:50:59 IST" name="Telengana" finished-at="2026-01-21T09:50:59 IST" duration-ms="1" status="PASS">
          <reporter-output>
          </reporter-output>
        </test-method> <!-- Telengana -->
        <test-method signature="India()[pri:1, instance:TestNG.SampleTestNG_Script@7334aada]" started-at="2026-01-21T09:50:59 IST" name="India" finished-at="2026-01-21T09:50:59 IST" duration-ms="1" status="PASS">
          <reporter-output>
          </reporter-output>
        </test-method> <!-- India -->
        <test-method signature="India()[pri:1, instance:TestNG.SampleTestNG_Script@7334aada]" started-at="2026-01-21T09:50:59 IST" name="India" finished-at="2026-01-21T09:50:59 IST" duration-ms="1" status="PASS">
          <reporter-output>
          </reporter-output>
        </test-method> <!-- India -->
        <test-method signature="India()[pri:1, instance:TestNG.SampleTestNG_Script@7334aada]" started-at="2026-01-21T09:50:59 IST" name="India" finished-at="2026-01-21T09:50:59 IST" duration-ms="0" status="PASS">
          <reporter-output>
          </reporter-output>
        </test-method> <!-- India -->
      </class> <!-- TestNG.SampleTestNG_Script -->
    </test> <!-- Default test -->
  </suite> <!-- Default suite -->
</testng-results>
