<?xml version="1.0" encoding="UTF-8"?>
<testng-results ignored="0" total="12" passed="12" failed="0" skipped="0">
  <reporter-output>
  </reporter-output>
  <suite started-at="2026-02-27T21:19:54 IST" name="allbrowserSuite" finished-at="2026-02-27T21:21:13 IST" duration-ms="78961">
    <groups>
    </groups>
    <test started-at="2026-02-27T21:19:54 IST" name="edgeTest" finished-at="2026-02-27T21:20:50 IST" duration-ms="56534">
      <class name="testngscripts.SwagLabsValidLogin">
        <test-method is-config="true" signature="BrowserSetup(java.lang.String,java.lang.String)[pri:0, instance:testngscripts.SwagLabsValidLogin@47af7f3d]" started-at="2026-02-27T21:19:54 IST" name="BrowserSetup" finished-at="2026-02-27T21:20:05 IST" duration-ms="11186" status="PASS">
          <params>
            <param index="0">
              <value>
                <![CDATA[edge]]>
              </value>
            </param>
            <param index="1">
              <value>
                <![CDATA[https://www.saucedemo.com/]]>
              </value>
            </param>
          </params>
          <reporter-output>
          </reporter-output>
        </test-method> <!-- BrowserSetup -->
        <test-method signature="ValidValidLogin(java.lang.String,java.lang.String)[pri:1, instance:testngscripts.SwagLabsValidLogin@47af7f3d]" started-at="2026-02-27T21:20:05 IST" name="ValidValidLogin" finished-at="2026-02-27T21:20:08 IST" duration-ms="3065" status="PASS">
          <params>
            <param index="0">
              <value>
                <![CDATA[standard_user]]>
              </value>
            </param>
            <param index="1">
              <value>
                <![CDATA[secret_sauce]]>
              </value>
            </param>
          </params>
          <reporter-output>
          </reporter-output>
        </test-method> <!-- ValidValidLogin -->
        <test-method is-config="true" signature="BrowserTearDown()[pri:0, instance:testngscripts.SwagLabsValidLogin@47af7f3d]" started-at="2026-02-27T21:20:08 IST" name="BrowserTearDown" finished-at="2026-02-27T21:20:09 IST" duration-ms="804" status="PASS">
          <reporter-output>
          </reporter-output>
        </test-method> <!-- BrowserTearDown -->
        <test-method is-config="true" signature="BrowserSetup(java.lang.String,java.lang.String)[pri:0, instance:testngscripts.SwagLabsValidLogin@47af7f3d]" started-at="2026-02-27T21:20:09 IST" name="BrowserSetup" finished-at="2026-02-27T21:20:16 IST" duration-ms="6723" status="PASS">
          <params>
            <param index="0">
              <value>
                <![CDATA[edge]]>
              </value>
            </param>
            <param index="1">
              <value>
                <![CDATA[https://www.saucedemo.com/]]>
              </value>
            </param>
          </params>
          <reporter-output>
          </reporter-output>
        </test-method> <!-- BrowserSetup -->
        <test-method signature="InvalidValidLogin(java.lang.String,java.lang.String)[pri:2, instance:testngscripts.SwagLabsValidLogin@47af7f3d]" started-at="2026-02-27T21:20:16 IST" name="InvalidValidLogin" finished-at="2026-02-27T21:20:22 IST" duration-ms="6032" status="PASS">
          <params>
            <param index="0">
              <value>
                <![CDATA[Krishna]]>
              </value>
            </param>
            <param index="1">
              <value>
                <![CDATA[secret_sauce]]>
              </value>
            </param>
          </params>
          <reporter-output>
          </reporter-output>
        </test-method> <!-- InvalidValidLogin -->
        <test-method is-config="true" signature="BrowserTearDown()[pri:0, instance:testngscripts.SwagLabsValidLogin@47af7f3d]" started-at="2026-02-27T21:20:22 IST" name="BrowserTearDown" finished-at="2026-02-27T21:20:24 IST" duration-ms="2477" status="PASS">
          <reporter-output>
          </reporter-output>
        </test-method> <!-- BrowserTearDown -->
        <test-method is-config="true" signature="BrowserSetup(java.lang.String,java.lang.String)[pri:0, instance:testngscripts.SwagLabsValidLogin@47af7f3d]" started-at="2026-02-27T21:20:24 IST" name="BrowserSetup" finished-at="2026-02-27T21:20:31 IST" duration-ms="7182" status="PASS">
          <params>
            <param index="0">
              <value>
                <![CDATA[edge]]>
              </value>
            </param>
            <param index="1">
              <value>
                <![CDATA[https://www.saucedemo.com/]]>
              </value>
            </param>
          </params>
          <reporter-output>
          </reporter-output>
        </test-method> <!-- BrowserSetup -->
        <test-method signature="ValidInvalidLogin(java.lang.String,java.lang.String)[pri:3, instance:testngscripts.SwagLabsValidLogin@47af7f3d]" started-at="2026-02-27T21:20:31 IST" name="ValidInvalidLogin" finished-at="2026-02-27T21:20:35 IST" duration-ms="3382" status="PASS">
          <params>
            <param index="0">
              <value>
                <![CDATA[standard_user]]>
              </value>
            </param>
            <param index="1">
              <value>
                <![CDATA[asfhgasj]]>
              </value>
            </param>
          </params>
          <reporter-output>
          </reporter-output>
        </test-method> <!-- ValidInvalidLogin -->
        <test-method is-config="true" signature="BrowserTearDown()[pri:0, instance:testngscripts.SwagLabsValidLogin@47af7f3d]" started-at="2026-02-27T21:20:35 IST" name="BrowserTearDown" finished-at="2026-02-27T21:20:35 IST" duration-ms="496" status="PASS">
          <reporter-output>
          </reporter-output>
        </test-method> <!-- BrowserTearDown -->
        <test-method is-config="true" signature="BrowserSetup(java.lang.String,java.lang.String)[pri:0, instance:testngscripts.SwagLabsValidLogin@47af7f3d]" started-at="2026-02-27T21:20:35 IST" name="BrowserSetup" finished-at="2026-02-27T21:20:46 IST" duration-ms="10653" status="PASS">
          <params>
            <param index="0">
              <value>
                <![CDATA[edge]]>
              </value>
            </param>
            <param index="1">
              <value>
                <![CDATA[https://www.saucedemo.com/]]>
              </value>
            </param>
          </params>
          <reporter-output>
          </reporter-output>
        </test-method> <!-- BrowserSetup -->
        <test-method signature="InvalidInvalidLogin(java.lang.String,java.lang.String)[pri:4, instance:testngscripts.SwagLabsValidLogin@47af7f3d]" started-at="2026-02-27T21:20:46 IST" name="InvalidInvalidLogin" finished-at="2026-02-27T21:20:49 IST" duration-ms="3440" status="PASS">
          <params>
            <param index="0">
              <value>
                <![CDATA[Krishna]]>
              </value>
            </param>
            <param index="1">
              <value>
                <![CDATA[asfhgasj]]>
              </value>
            </param>
          </params>
          <reporter-output>
          </reporter-output>
        </test-method> <!-- InvalidInvalidLogin -->
        <test-method is-config="true" signature="BrowserTearDown()[pri:0, instance:testngscripts.SwagLabsValidLogin@47af7f3d]" started-at="2026-02-27T21:20:49 IST" name="BrowserTearDown" finished-at="2026-02-27T21:20:50 IST" duration-ms="977" status="PASS">
          <reporter-output>
          </reporter-output>
        </test-method> <!-- BrowserTearDown -->
      </class> <!-- testngscripts.SwagLabsValidLogin -->
    </test> <!-- edgeTest -->
    <test started-at="2026-02-27T21:19:54 IST" name="chromeTest" finished-at="2026-02-27T21:20:52 IST" duration-ms="58444">
      <class name="testngscripts.SwagLabsValidLogin">
        <test-method is-config="true" signature="BrowserSetup(java.lang.String,java.lang.String)[pri:0, instance:testngscripts.SwagLabsValidLogin@5bd03f44]" started-at="2026-02-27T21:19:54 IST" name="BrowserSetup" finished-at="2026-02-27T21:20:05 IST" duration-ms="10901" status="PASS">
          <params>
            <param index="0">
              <value>
                <![CDATA[chrome]]>
              </value>
            </param>
            <param index="1">
              <value>
                <![CDATA[https://www.saucedemo.com/]]>
              </value>
            </param>
          </params>
          <reporter-output>
          </reporter-output>
        </test-method> <!-- BrowserSetup -->
        <test-method signature="ValidValidLogin(java.lang.String,java.lang.String)[pri:1, instance:testngscripts.SwagLabsValidLogin@5bd03f44]" started-at="2026-02-27T21:20:05 IST" name="ValidValidLogin" finished-at="2026-02-27T21:20:08 IST" duration-ms="2816" status="PASS">
          <params>
            <param index="0">
              <value>
                <![CDATA[standard_user]]>
              </value>
            </param>
            <param index="1">
              <value>
                <![CDATA[secret_sauce]]>
              </value>
            </param>
          </params>
          <reporter-output>
          </reporter-output>
        </test-method> <!-- ValidValidLogin -->
        <test-method is-config="true" signature="BrowserTearDown()[pri:0, instance:testngscripts.SwagLabsValidLogin@5bd03f44]" started-at="2026-02-27T21:20:08 IST" name="BrowserTearDown" finished-at="2026-02-27T21:20:08 IST" duration-ms="547" status="PASS">
          <reporter-output>
          </reporter-output>
        </test-method> <!-- BrowserTearDown -->
        <test-method is-config="true" signature="BrowserSetup(java.lang.String,java.lang.String)[pri:0, instance:testngscripts.SwagLabsValidLogin@5bd03f44]" started-at="2026-02-27T21:20:08 IST" name="BrowserSetup" finished-at="2026-02-27T21:20:14 IST" duration-ms="5569" status="PASS">
          <params>
            <param index="0">
              <value>
                <![CDATA[chrome]]>
              </value>
            </param>
            <param index="1">
              <value>
                <![CDATA[https://www.saucedemo.com/]]>
              </value>
            </param>
          </params>
          <reporter-output>
          </reporter-output>
        </test-method> <!-- BrowserSetup -->
        <test-method signature="InvalidValidLogin(java.lang.String,java.lang.String)[pri:2, instance:testngscripts.SwagLabsValidLogin@5bd03f44]" started-at="2026-02-27T21:20:14 IST" name="InvalidValidLogin" finished-at="2026-02-27T21:20:21 IST" duration-ms="7781" status="PASS">
          <params>
            <param index="0">
              <value>
                <![CDATA[Krishna]]>
              </value>
            </param>
            <param index="1">
              <value>
                <![CDATA[secret_sauce]]>
              </value>
            </param>
          </params>
          <reporter-output>
          </reporter-output>
        </test-method> <!-- InvalidValidLogin -->
        <test-method is-config="true" signature="BrowserTearDown()[pri:0, instance:testngscripts.SwagLabsValidLogin@5bd03f44]" started-at="2026-02-27T21:20:21 IST" name="BrowserTearDown" finished-at="2026-02-27T21:20:23 IST" duration-ms="1944" status="PASS">
          <reporter-output>
          </reporter-output>
        </test-method> <!-- BrowserTearDown -->
        <test-method is-config="true" signature="BrowserSetup(java.lang.String,java.lang.String)[pri:0, instance:testngscripts.SwagLabsValidLogin@5bd03f44]" started-at="2026-02-27T21:20:23 IST" name="BrowserSetup" finished-at="2026-02-27T21:20:32 IST" duration-ms="8678" status="PASS">
          <params>
            <param index="0">
              <value>
                <![CDATA[chrome]]>
              </value>
            </param>
            <param index="1">
              <value>
                <![CDATA[https://www.saucedemo.com/]]>
              </value>
            </param>
          </params>
          <reporter-output>
          </reporter-output>
        </test-method> <!-- BrowserSetup -->
        <test-method signature="ValidInvalidLogin(java.lang.String,java.lang.String)[pri:3, instance:testngscripts.SwagLabsValidLogin@5bd03f44]" started-at="2026-02-27T21:20:32 IST" name="ValidInvalidLogin" finished-at="2026-02-27T21:20:35 IST" duration-ms="3268" status="PASS">
          <params>
            <param index="0">
              <value>
                <![CDATA[standard_user]]>
              </value>
            </param>
            <param index="1">
              <value>
                <![CDATA[asfhgasj]]>
              </value>
            </param>
          </params>
          <reporter-output>
          </reporter-output>
        </test-method> <!-- ValidInvalidLogin -->
        <test-method is-config="true" signature="BrowserTearDown()[pri:0, instance:testngscripts.SwagLabsValidLogin@5bd03f44]" started-at="2026-02-27T21:20:35 IST" name="BrowserTearDown" finished-at="2026-02-27T21:20:36 IST" duration-ms="353" status="PASS">
          <reporter-output>
          </reporter-output>
        </test-method> <!-- BrowserTearDown -->
        <test-method is-config="true" signature="BrowserSetup(java.lang.String,java.lang.String)[pri:0, instance:testngscripts.SwagLabsValidLogin@5bd03f44]" started-at="2026-02-27T21:20:36 IST" name="BrowserSetup" finished-at="2026-02-27T21:20:48 IST" duration-ms="12038" status="PASS">
          <params>
            <param index="0">
              <value>
                <![CDATA[chrome]]>
              </value>
            </param>
            <param index="1">
              <value>
                <![CDATA[https://www.saucedemo.com/]]>
              </value>
            </param>
          </params>
          <reporter-output>
          </reporter-output>
        </test-method> <!-- BrowserSetup -->
        <test-method signature="InvalidInvalidLogin(java.lang.String,java.lang.String)[pri:4, instance:testngscripts.SwagLabsValidLogin@5bd03f44]" started-at="2026-02-27T21:20:48 IST" name="InvalidInvalidLogin" finished-at="2026-02-27T21:20:52 IST" duration-ms="4066" status="PASS">
          <params>
            <param index="0">
              <value>
                <![CDATA[Krishna]]>
              </value>
            </param>
            <param index="1">
              <value>
                <![CDATA[asfhgasj]]>
              </value>
            </param>
          </params>
          <reporter-output>
          </reporter-output>
        </test-method> <!-- InvalidInvalidLogin -->
        <test-method is-config="true" signature="BrowserTearDown()[pri:0, instance:testngscripts.SwagLabsValidLogin@5bd03f44]" started-at="2026-02-27T21:20:52 IST" name="BrowserTearDown" finished-at="2026-02-27T21:20:52 IST" duration-ms="369" status="PASS">
          <reporter-output>
          </reporter-output>
        </test-method> <!-- BrowserTearDown -->
      </class> <!-- testngscripts.SwagLabsValidLogin -->
    </test> <!-- chromeTest -->
    <test started-at="2026-02-27T21:19:54 IST" name="firefoxTest" finished-at="2026-02-27T21:21:13 IST" duration-ms="78961">
      <class name="testngscripts.SwagLabsValidLogin">
        <test-method is-config="true" signature="BrowserSetup(java.lang.String,java.lang.String)[pri:0, instance:testngscripts.SwagLabsValidLogin@3bb9a3ff]" started-at="2026-02-27T21:19:54 IST" name="BrowserSetup" finished-at="2026-02-27T21:20:13 IST" duration-ms="18921" status="PASS">
          <params>
            <param index="0">
              <value>
                <![CDATA[firefox]]>
              </value>
            </param>
            <param index="1">
              <value>
                <![CDATA[https://www.saucedemo.com/]]>
              </value>
            </param>
          </params>
          <reporter-output>
          </reporter-output>
        </test-method> <!-- BrowserSetup -->
        <test-method signature="ValidValidLogin(java.lang.String,java.lang.String)[pri:1, instance:testngscripts.SwagLabsValidLogin@3bb9a3ff]" started-at="2026-02-27T21:20:13 IST" name="ValidValidLogin" finished-at="2026-02-27T21:20:16 IST" duration-ms="3004" status="PASS">
          <params>
            <param index="0">
              <value>
                <![CDATA[standard_user]]>
              </value>
            </param>
            <param index="1">
              <value>
                <![CDATA[secret_sauce]]>
              </value>
            </param>
          </params>
          <reporter-output>
          </reporter-output>
        </test-method> <!-- ValidValidLogin -->
        <test-method is-config="true" signature="BrowserTearDown()[pri:0, instance:testngscripts.SwagLabsValidLogin@3bb9a3ff]" started-at="2026-02-27T21:20:16 IST" name="BrowserTearDown" finished-at="2026-02-27T21:20:20 IST" duration-ms="4250" status="PASS">
          <reporter-output>
          </reporter-output>
        </test-method> <!-- BrowserTearDown -->
        <test-method is-config="true" signature="BrowserSetup(java.lang.String,java.lang.String)[pri:0, instance:testngscripts.SwagLabsValidLogin@3bb9a3ff]" started-at="2026-02-27T21:20:20 IST" name="BrowserSetup" finished-at="2026-02-27T21:20:38 IST" duration-ms="18078" status="PASS">
          <params>
            <param index="0">
              <value>
                <![CDATA[firefox]]>
              </value>
            </param>
            <param index="1">
              <value>
                <![CDATA[https://www.saucedemo.com/]]>
              </value>
            </param>
          </params>
          <reporter-output>
          </reporter-output>
        </test-method> <!-- BrowserSetup -->
        <test-method signature="InvalidValidLogin(java.lang.String,java.lang.String)[pri:2, instance:testngscripts.SwagLabsValidLogin@3bb9a3ff]" started-at="2026-02-27T21:20:38 IST" name="InvalidValidLogin" finished-at="2026-02-27T21:20:41 IST" duration-ms="2476" status="PASS">
          <params>
            <param index="0">
              <value>
                <![CDATA[Krishna]]>
              </value>
            </param>
            <param index="1">
              <value>
                <![CDATA[secret_sauce]]>
              </value>
            </param>
          </params>
          <reporter-output>
          </reporter-output>
        </test-method> <!-- InvalidValidLogin -->
        <test-method is-config="true" signature="BrowserTearDown()[pri:0, instance:testngscripts.SwagLabsValidLogin@3bb9a3ff]" started-at="2026-02-27T21:20:41 IST" name="BrowserTearDown" finished-at="2026-02-27T21:20:44 IST" duration-ms="3129" status="PASS">
          <reporter-output>
          </reporter-output>
        </test-method> <!-- BrowserTearDown -->
        <test-method is-config="true" signature="BrowserSetup(java.lang.String,java.lang.String)[pri:0, instance:testngscripts.SwagLabsValidLogin@3bb9a3ff]" started-at="2026-02-27T21:20:44 IST" name="BrowserSetup" finished-at="2026-02-27T21:20:56 IST" duration-ms="12800" status="PASS">
          <params>
            <param index="0">
              <value>
                <![CDATA[firefox]]>
              </value>
            </param>
            <param index="1">
              <value>
                <![CDATA[https://www.saucedemo.com/]]>
              </value>
            </param>
          </params>
          <reporter-output>
          </reporter-output>
        </test-method> <!-- BrowserSetup -->
        <test-method signature="ValidInvalidLogin(java.lang.String,java.lang.String)[pri:3, instance:testngscripts.SwagLabsValidLogin@3bb9a3ff]" started-at="2026-02-27T21:20:56 IST" name="ValidInvalidLogin" finished-at="2026-02-27T21:20:59 IST" duration-ms="2327" status="PASS">
          <params>
            <param index="0">
              <value>
                <![CDATA[standard_user]]>
              </value>
            </param>
            <param index="1">
              <value>
                <![CDATA[asfhgasj]]>
              </value>
            </param>
          </params>
          <reporter-output>
          </reporter-output>
        </test-method> <!-- ValidInvalidLogin -->
        <test-method is-config="true" signature="BrowserTearDown()[pri:0, instance:testngscripts.SwagLabsValidLogin@3bb9a3ff]" started-at="2026-02-27T21:20:59 IST" name="BrowserTearDown" finished-at="2026-02-27T21:21:00 IST" duration-ms="1302" status="PASS">
          <reporter-output>
          </reporter-output>
        </test-method> <!-- BrowserTearDown -->
        <test-method is-config="true" signature="BrowserSetup(java.lang.String,java.lang.String)[pri:0, instance:testngscripts.SwagLabsValidLogin@3bb9a3ff]" started-at="2026-02-27T21:21:00 IST" name="BrowserSetup" finished-at="2026-02-27T21:21:09 IST" duration-ms="8878" status="PASS">
          <params>
            <param index="0">
              <value>
                <![CDATA[firefox]]>
              </value>
            </param>
            <param index="1">
              <value>
                <![CDATA[https://www.saucedemo.com/]]>
              </value>
            </param>
          </params>
          <reporter-output>
          </reporter-output>
        </test-method> <!-- BrowserSetup -->
        <test-method signature="InvalidInvalidLogin(java.lang.String,java.lang.String)[pri:4, instance:testngscripts.SwagLabsValidLogin@3bb9a3ff]" started-at="2026-02-27T21:21:09 IST" name="InvalidInvalidLogin" finished-at="2026-02-27T21:21:11 IST" duration-ms="2308" status="PASS">
          <params>
            <param index="0">
              <value>
                <![CDATA[Krishna]]>
              </value>
            </param>
            <param index="1">
              <value>
                <![CDATA[asfhgasj]]>
              </value>
            </param>
          </params>
          <reporter-output>
          </reporter-output>
        </test-method> <!-- InvalidInvalidLogin -->
        <test-method is-config="true" signature="BrowserTearDown()[pri:0, instance:testngscripts.SwagLabsValidLogin@3bb9a3ff]" started-at="2026-02-27T21:21:11 IST" name="BrowserTearDown" finished-at="2026-02-27T21:21:13 IST" duration-ms="1402" status="PASS">
          <reporter-output>
          </reporter-output>
        </test-method> <!-- BrowserTearDown -->
      </class> <!-- testngscripts.SwagLabsValidLogin -->
    </test> <!-- firefoxTest -->
  </suite> <!-- allbrowserSuite -->
</testng-results>
