<?xml version="1.0" encoding="UTF-8"?>
<!-- Generated by org.testng.reporters.JUnitReportReporter -->
<testsuite hostname="DESKTOP-DCUKDOL" failures="0" tests="5" name="testng.SampleTestNG" time="0.027" errors="0" timestamp="2026-02-19T20:39:48 IST" skipped="0">
  <testcase classname="testng.SampleTestNG" name="India" time="0.019"/>
  <testcase classname="testng.SampleTestNG" name="Telangana" time="0.002"/>
  <testcase classname="testng.SampleTestNG" name="Hyderabad" time="0.002"/>
  <testcase classname="testng.SampleTestNG" name="Hyderabad" time="0.002"/>
  <testcase classname="testng.SampleTestNG" name="Hyderabad" time="0.002"/>
</testsuite> <!-- testng.SampleTestNG -->
