<?xml version="1.0" encoding="UTF-8"?>
<!-- Generated by org.testng.reporters.JUnitXMLReporter -->
<testsuite ignored="0" hostname="DESKTOP-DCUKDOL" failures="0" tests="4" name="chromeTest" time="58.444" errors="0" timestamp="2026-02-27T21:20:52 IST">
  <testcase classname="testngscripts.SwagLabsValidLogin" name="ValidValidLogin" time="2.816"/>
  <testcase classname="testngscripts.SwagLabsValidLogin" name="InvalidValidLogin" time="7.781"/>
  <testcase classname="testngscripts.SwagLabsValidLogin" name="ValidInvalidLogin" time="3.268"/>
  <testcase classname="testngscripts.SwagLabsValidLogin" name="InvalidInvalidLogin" time="4.066"/>
</testsuite> <!-- chromeTest -->
