<?xml version="1.0" encoding="UTF-8"?>
<!-- Generated by org.testng.reporters.JUnitXMLReporter -->
<testsuite ignored="0" hostname="DESKTOP-DCUKDOL" failures="0" tests="4" name="edgeTest" time="56.534" errors="0" timestamp="2026-02-27T21:20:50 IST">
  <testcase classname="testngscripts.SwagLabsValidLogin" name="ValidValidLogin" time="3.065"/>
  <testcase classname="testngscripts.SwagLabsValidLogin" name="InvalidValidLogin" time="6.032"/>
  <testcase classname="testngscripts.SwagLabsValidLogin" name="ValidInvalidLogin" time="3.382"/>
  <testcase classname="testngscripts.SwagLabsValidLogin" name="InvalidInvalidLogin" time="3.44"/>
</testsuite> <!-- edgeTest -->
