<?xml version="1.0" encoding="UTF-8"?>
<!-- Generated by org.testng.reporters.JUnitXMLReporter -->
<testsuite ignored="0" hostname="DESKTOP-DCUKDOL" failures="0" tests="4" name="firefoxTest" time="78.961" errors="0" timestamp="2026-02-27T21:21:13 IST">
  <testcase classname="testngscripts.SwagLabsValidLogin" name="ValidValidLogin" time="3.004"/>
  <testcase classname="testngscripts.SwagLabsValidLogin" name="InvalidValidLogin" time="2.476"/>
  <testcase classname="testngscripts.SwagLabsValidLogin" name="ValidInvalidLogin" time="2.327"/>
  <testcase classname="testngscripts.SwagLabsValidLogin" name="InvalidInvalidLogin" time="2.308"/>
</testsuite> <!-- firefoxTest -->
