<?xml version="1.0" encoding="UTF-8"?>
<!-- Generated by org.testng.reporters.JUnitReportReporter -->
<testsuite hostname="DESKTOP-DCUKDOL" failures="0" tests="12" name="testngscripts.SwagLabsValidLogin" time="193.622" errors="0" timestamp="2026-02-27T21:21:13 IST" skipped="0">
  <testcase classname="testngscripts.SwagLabsValidLogin" name="ValidValidLogin" time="13.438"/>
  <testcase classname="testngscripts.SwagLabsValidLogin" name="ValidValidLogin" time="11.051"/>
  <testcase classname="testngscripts.SwagLabsValidLogin" name="ValidValidLogin" time="23.327"/>
  <testcase classname="testngscripts.SwagLabsValidLogin" name="InvalidValidLogin" time="20.172"/>
  <testcase classname="testngscripts.SwagLabsValidLogin" name="InvalidValidLogin" time="18.195"/>
  <testcase classname="testngscripts.SwagLabsValidLogin" name="InvalidValidLogin" time="19.526"/>
  <testcase classname="testngscripts.SwagLabsValidLogin" name="ValidInvalidLogin" time="9.384"/>
  <testcase classname="testngscripts.SwagLabsValidLogin" name="ValidInvalidLogin" time="14.334"/>
  <testcase classname="testngscripts.SwagLabsValidLogin" name="ValidInvalidLogin" time="14.531"/>
  <testcase classname="testngscripts.SwagLabsValidLogin" name="InvalidInvalidLogin" time="21.688"/>
  <testcase classname="testngscripts.SwagLabsValidLogin" name="InvalidInvalidLogin" time="12.640"/>
  <testcase classname="testngscripts.SwagLabsValidLogin" name="InvalidInvalidLogin" time="15.336"/>
</testsuite> <!-- testngscripts.SwagLabsValidLogin -->
