<?xml version="1.0" encoding="UTF-8"?>
<!-- Generated by org.testng.reporters.JUnitReportReporter -->
<testsuite hostname="DESKTOP-DCUKDOL" failures="0" tests="18" name="testngscripts.SampleTestngScript" time="0.103" errors="0" timestamp="2026-02-27T15:11:28 IST" skipped="3">
  <testcase classname="testngscripts.SampleTestngScript" name="India" time="0.019"/>
  <testcase classname="testngscripts.SampleTestngScript" name="India" time="0.018"/>
  <testcase classname="testngscripts.SampleTestngScript" name="India" time="0.005"/>
  <testcase classname="testngscripts.SampleTestngScript" name="India" time="0.019"/>
  <testcase classname="testngscripts.SampleTestngScript" name="India" time="0.005"/>
  <testcase classname="testngscripts.SampleTestngScript" name="India" time="0.004"/>
  <testcase classname="testngscripts.SampleTestngScript" name="Telengana" time="0.004"/>
  <testcase classname="testngscripts.SampleTestngScript" name="Telengana" time="0.005"/>
  <testcase classname="testngscripts.SampleTestngScript" name="Telengana" time="0.002"/>
  <testcase classname="testngscripts.SampleTestngScript" name="Telengana" time="0.007"/>
  <testcase classname="testngscripts.SampleTestngScript" name="Telengana" time="0.003"/>
  <testcase classname="testngscripts.SampleTestngScript" name="Telengana" time="0.002"/>
  <testcase classname="testngscripts.SampleTestngScript" name="Telengana" time="0.003"/>
  <testcase classname="testngscripts.SampleTestngScript" name="Telengana" time="0.003"/>
  <testcase classname="testngscripts.SampleTestngScript" name="Telengana" time="0.004"/>
  <testcase classname="testngscripts.SampleTestngScript" name="Hyderabad">
    <skipped/>
  </testcase> <!-- Hyderabad -->
  <testcase classname="testngscripts.SampleTestngScript" name="Hyderabad">
    <skipped/>
  </testcase> <!-- Hyderabad -->
  <testcase classname="testngscripts.SampleTestngScript" name="Hyderabad">
    <skipped/>
  </testcase> <!-- Hyderabad -->
</testsuite> <!-- testngscripts.SampleTestngScript -->
