<?xml version="1.0" encoding="UTF-8"?>
<!-- Generated by org.testng.reporters.JUnitReportReporter -->
<testsuite hostname="DESKTOP-DCUKDOL" failures="0" tests="3" name="waits.ExplicitWaits" time="4.805" errors="0" timestamp="2026-01-08T11:56:07 IST" skipped="0">
  <testcase classname="waits.ExplicitWaits" name="BrowserLaunch" time="2.812"/>
  <testcase classname="waits.ExplicitWaits" name="SwagLoginIVIV" time="1.826"/>
  <testcase classname="waits.ExplicitWaits" name="BrowserClose" time="0.167"/>
</testsuite> <!-- waits.ExplicitWaits -->
