<?xml version="1.0" encoding="UTF-8"?>
<!-- Generated by org.testng.reporters.JUnitReportReporter -->
<testsuite hostname="DESKTOP-DCUKDOL" failures="0" tests="5" name="dataDrivenFrameWork.SwagLoginScript_DataProvider" time="15.281" errors="0" timestamp="2026-01-06T12:56:22 IST" skipped="0">
  <testcase classname="dataDrivenFrameWork.SwagLoginScript_DataProvider" name="loginTest" time="2.364"/>
  <testcase classname="dataDrivenFrameWork.SwagLoginScript_DataProvider" name="loginTest" time="3.502"/>
  <testcase classname="dataDrivenFrameWork.SwagLoginScript_DataProvider" name="loginTest" time="4.566"/>
  <testcase classname="dataDrivenFrameWork.SwagLoginScript_DataProvider" name="loginTest" time="2.001"/>
  <testcase classname="dataDrivenFrameWork.SwagLoginScript_DataProvider" name="loginTest" time="2.848"/>
</testsuite> <!-- dataDrivenFrameWork.SwagLoginScript_DataProvider -->
