<?xml version="1.0" encoding="UTF-8"?>
<!-- Generated by org.testng.reporters.JUnitReportReporter -->
<testsuite hostname="DESKTOP-DCUKDOL" failures="0" tests="3" name="tesngSuit.SwagLigin_InValidValid" time="4.323" errors="0" timestamp="2026-01-03T11:11:46 IST" skipped="0">
  <testcase classname="tesngSuit.SwagLigin_InValidValid" name="BrowserLaunch" time="0.998"/>
  <testcase classname="tesngSuit.SwagLigin_InValidValid" name="SwagLoginIVV" time="3.192"/>
  <testcase classname="tesngSuit.SwagLigin_InValidValid" name="BrowserClose" time="0.133"/>
</testsuite> <!-- tesngSuit.SwagLigin_InValidValid -->
