<?xml version="1.0" encoding="UTF-8"?>
<!-- Generated by org.testng.reporters.JUnitReportReporter -->
<testsuite hostname="DESKTOP-DCUKDOL" failures="0" tests="3" name="tesngSuit.SwagLigin_InValidInValid" time="4.421" errors="0" timestamp="2026-01-03T11:11:46 IST" skipped="0">
  <testcase classname="tesngSuit.SwagLigin_InValidInValid" name="BrowserLaunch" time="1.012"/>
  <testcase classname="tesngSuit.SwagLigin_InValidInValid" name="SwagLoginIVIV" time="3.253"/>
  <testcase classname="tesngSuit.SwagLigin_InValidInValid" name="BrowserClose" time="0.156"/>
</testsuite> <!-- tesngSuit.SwagLigin_InValidInValid -->
