<?xml version="1.0" encoding="UTF-8"?>
<!-- Generated by org.testng.reporters.JUnitReportReporter -->
<testsuite hostname="DESKTOP-DCUKDOL" failures="0" tests="3" name="waits.ImplicitWaits" time="7.880" errors="0" timestamp="2026-01-08T11:47:36 IST" skipped="0">
  <testcase classname="waits.ImplicitWaits" name="BrowserLaunch" time="4.332"/>
  <testcase classname="waits.ImplicitWaits" name="SwagLoginIVIV" time="3.344"/>
  <testcase classname="waits.ImplicitWaits" name="BrowserClose" time="0.204"/>
</testsuite> <!-- waits.ImplicitWaits -->
