<?xml version="1.0" encoding="UTF-8"?>
<!-- Generated by org.testng.reporters.JUnitReportReporter -->
<testsuite hostname="DESKTOP-DCUKDOL" failures="0" tests="3" name="tesngSuit.SwagLigin_ValidInValid" time="4.516" errors="0" timestamp="2026-01-03T11:11:46 IST" skipped="0">
  <testcase classname="tesngSuit.SwagLigin_ValidInValid" name="BrowserLaunch" time="1.094"/>
  <testcase classname="tesngSuit.SwagLigin_ValidInValid" name="SwagLoginVIV" time="3.291"/>
  <testcase classname="tesngSuit.SwagLigin_ValidInValid" name="BrowserClose" time="0.131"/>
</testsuite> <!-- tesngSuit.SwagLigin_ValidInValid -->
