<?xml version="1.0" encoding="UTF-8"?>
<!-- Generated by org.testng.reporters.JUnitReportReporter -->
<testsuite hostname="DESKTOP-DCUKDOL" failures="0" tests="3" name="TestNG.SwagLogin_Priority" time="6.206" errors="0" timestamp="2026-01-03T10:42:37 IST" skipped="0">
  <testcase classname="TestNG.SwagLogin_Priority" name="BrowserLaunch" time="1.948"/>
  <testcase classname="TestNG.SwagLogin_Priority" name="SwagLogin" time="4.143"/>
  <testcase classname="TestNG.SwagLogin_Priority" name="BrowserClose" time="0.115"/>
</testsuite> <!-- TestNG.SwagLogin_Priority -->
