<?xml version="1.0" encoding="UTF-8"?>
<!-- Generated by org.testng.reporters.JUnitReportReporter -->
<testsuite hostname="DESKTOP-DCUKDOL" failures="0" tests="5" name="TestNG.SampleTestNG_Script" time="0.013" errors="0" timestamp="2026-01-21T09:50:59 IST" skipped="0">
  <testcase classname="TestNG.SampleTestNG_Script" name="Telengana" time="0.001"/>
  <testcase classname="TestNG.SampleTestNG_Script" name="Hyderabad" time="0.010"/>
  <testcase classname="TestNG.SampleTestNG_Script" name="India" time="0.001"/>
  <testcase classname="TestNG.SampleTestNG_Script" name="India" time="0.001"/>
  <testcase classname="TestNG.SampleTestNG_Script" name="India" time="0.000"/>
</testsuite> <!-- TestNG.SampleTestNG_Script -->
