<?xml version="1.0" encoding="UTF-8"?>
<!-- Generated by org.testng.reporters.JUnitReportReporter -->
<testsuite hostname="DESKTOP-DCUKDOL" failures="0" tests="3" name="tesngSuit.SwagLigin_ValidValid" time="6.464" errors="0" timestamp="2026-01-03T11:11:46 IST" skipped="0">
  <testcase classname="tesngSuit.SwagLigin_ValidValid" name="BrowserLaunch" time="1.928"/>
  <testcase classname="tesngSuit.SwagLigin_ValidValid" name="SwagLoginVV" time="4.412"/>
  <testcase classname="tesngSuit.SwagLigin_ValidValid" name="BrowserClose" time="0.124"/>
</testsuite> <!-- tesngSuit.SwagLigin_ValidValid -->
