<?xml version="1.0" encoding="UTF-8"?>
<testng-results ignored="0" total="1" passed="1" failed="0" skipped="0">
  <reporter-output>
  </reporter-output>
  <suite started-at="2026-03-05T20:41:38 IST" name="Default suite" finished-at="2026-03-05T20:41:42 IST" duration-ms="3991">
    <groups>
    </groups>
    <test started-at="2026-03-05T20:41:38 IST" name="Default test" finished-at="2026-03-05T20:41:42 IST" duration-ms="3991">
      <class name="sampleSeleniumScript.URLCVerificationTestNG">
        <test-method signature="urlVerification()[pri:0, instance:sampleSeleniumScript.URLCVerificationTestNG@9225652]" started-at="2026-03-05T20:41:38 IST" name="urlVerification" finished-at="2026-03-05T20:41:42 IST" duration-ms="3950" status="PASS">
          <reporter-output>
          </reporter-output>
        </test-method> <!-- urlVerification -->
      </class> <!-- sampleSeleniumScript.URLCVerificationTestNG -->
    </test> <!-- Default test -->
  </suite> <!-- Default suite -->
</testng-results>
