<?xml version="1.0" encoding="UTF-8"?>
<!-- Generated by org.testng.reporters.JUnitXMLReporter -->
<testsuite ignored="2" hostname="DESKTOP-DCUKDOL" failures="0" tests="3" name="Default test(failed)" time="0.088" errors="0" timestamp="2026-01-30T12:20:18 IST">
  <testcase classname="testngscripts.SampleTestngScript" name="Telengana" time="0.018"/>
  <testcase classname="testngscripts.SampleTestngScript" name="Telengana" time="0.002"/>
  <testcase classname="testngscripts.SampleTestngScript" name="Telengana" time="0.001"/>
  <testcase classname="testngscripts.SampleTestngScript" name="India" time="0.0">
    <ignored/>
  </testcase> <!-- India -->
  <testcase classname="testngscripts.SampleTestngScript" name="Hyderabad" time="0.0">
    <ignored/>
  </testcase> <!-- Hyderabad -->
</testsuite> <!-- Default test(failed) -->
