<?xml version="1.0" encoding="UTF-8"?>
<testng-results ignored="0" total="7" passed="6" failed="1" skipped="0">
  <reporter-output>
  </reporter-output>
  <suite started-at="2026-03-03T20:50:43 IST" name="Default suite" finished-at="2026-03-03T20:51:18 IST" duration-ms="35228">
    <groups>
    </groups>
    <test started-at="2026-03-03T20:50:43 IST" name="Default test" finished-at="2026-03-03T20:51:18 IST" duration-ms="35228">
      <class name="pom.SwagTest">
        <test-method is-config="true" signature="BrowserLaunch()[pri:0, instance:pom.SwagTest@2e005c4b]" started-at="2026-03-03T20:50:44 IST" name="BrowserLaunch" finished-at="2026-03-03T20:50:49 IST" duration-ms="4527" status="PASS">
          <reporter-output>
          </reporter-output>
        </test-method> <!-- BrowserLaunch -->
        <test-method signature="loginTest(java.lang.String,java.lang.String,java.lang.String)[pri:0, instance:pom.SwagTest@2e005c4b]" started-at="2026-03-03T20:50:49 IST" name="loginTest" data-provider="loginData" finished-at="2026-03-03T20:50:49 IST" duration-ms="257" status="PASS">
          <params>
            <param index="0">
              <value>
                <![CDATA[UserName]]>
              </value>
            </param>
            <param index="1">
              <value>
                <![CDATA[Password]]>
              </value>
            </param>
            <param index="2">
              <value>
                <![CDATA[Excepted]]>
              </value>
            </param>
          </params>
          <reporter-output>
          </reporter-output>
        </test-method> <!-- loginTest -->
        <test-method is-config="true" signature="BrowserClose()[pri:0, instance:pom.SwagTest@2e005c4b]" started-at="2026-03-03T20:50:49 IST" name="BrowserClose" finished-at="2026-03-03T20:50:49 IST" duration-ms="189" status="PASS">
          <reporter-output>
          </reporter-output>
        </test-method> <!-- BrowserClose -->
        <test-method is-config="true" signature="BrowserLaunch()[pri:0, instance:pom.SwagTest@2e005c4b]" started-at="2026-03-03T20:50:49 IST" name="BrowserLaunch" finished-at="2026-03-03T20:50:52 IST" duration-ms="2580" status="PASS">
          <reporter-output>
          </reporter-output>
        </test-method> <!-- BrowserLaunch -->
        <test-method signature="loginTest(java.lang.String,java.lang.String,java.lang.String)[pri:0, instance:pom.SwagTest@2e005c4b]" started-at="2026-03-03T20:50:52 IST" name="loginTest" data-provider="loginData" finished-at="2026-03-03T20:50:52 IST" duration-ms="227" status="FAIL">
          <params>
            <param index="0">
              <value>
                <![CDATA[standard_user]]>
              </value>
            </param>
            <param index="1">
              <value>
                <![CDATA[secret_sa]]>
              </value>
            </param>
            <param index="2">
              <value>
                <![CDATA[homepage]]>
              </value>
            </param>
          </params>
          <exception class="java.lang.AssertionError">
            <message>
              <![CDATA[URL is not matching expected [https://www.saucedemo.com/inventory.html] but found [https://www.saucedemo.com/]]]>
            </message>
            <full-stacktrace>
              <![CDATA[java.lang.AssertionError: URL is not matching expected [https://www.saucedemo.com/inventory.html] but found [https://www.saucedemo.com/]
at org.testng.Assert.fail(Assert.java:111)
at org.testng.Assert.failNotEquals(Assert.java:1590)
at org.testng.Assert.assertEqualsImpl(Assert.java:150)
at org.testng.Assert.assertEquals(Assert.java:132)
at org.testng.Assert.assertEquals(Assert.java:656)
at pom.SwagTest.loginTest(SwagTest.java:30)
at java.base/jdk.internal.reflect.DirectMethodHandleAccessor.invoke(DirectMethodHandleAccessor.java:104)
at java.base/java.lang.reflect.Method.invoke(Method.java:565)
at org.testng.internal.invokers.MethodInvocationHelper.invokeMethod(MethodInvocationHelper.java:141)
at org.testng.internal.invokers.TestInvoker.invokeMethod(TestInvoker.java:687)
at org.testng.internal.invokers.TestInvoker.invokeTestMethod(TestInvoker.java:230)
at org.testng.internal.invokers.MethodRunner.runInSequence(MethodRunner.java:63)
at org.testng.internal.invokers.TestInvoker$MethodInvocationAgent.invoke(TestInvoker.java:995)
at org.testng.internal.invokers.TestInvoker.invokeTestMethods(TestInvoker.java:203)
at org.testng.internal.invokers.TestMethodWorker.invokeTestMethods(TestMethodWorker.java:154)
at org.testng.internal.invokers.TestMethodWorker.run(TestMethodWorker.java:134)
at java.base/java.util.ArrayList.forEach(ArrayList.java:1604)
at org.testng.TestRunner.privateRun(TestRunner.java:741)
at org.testng.TestRunner.run(TestRunner.java:616)
at org.testng.SuiteRunner.runTest(SuiteRunner.java:421)
at org.testng.SuiteRunner.runSequentially(SuiteRunner.java:413)
at org.testng.SuiteRunner.privateRun(SuiteRunner.java:373)
at org.testng.SuiteRunner.run(SuiteRunner.java:312)
at org.testng.SuiteRunnerWorker.runSuite(SuiteRunnerWorker.java:52)
at org.testng.SuiteRunnerWorker.run(SuiteRunnerWorker.java:95)
at org.testng.TestNG.runSuitesSequentially(TestNG.java:1274)
at org.testng.TestNG.runSuitesLocally(TestNG.java:1208)
at org.testng.TestNG.runSuites(TestNG.java:1112)
at org.testng.TestNG.run(TestNG.java:1079)
at org.testng.remote.AbstractRemoteTestNG.run(AbstractRemoteTestNG.java:115)
at org.testng.remote.RemoteTestNG.initAndRun(RemoteTestNG.java:293)
at org.testng.remote.RemoteTestNG.main(RemoteTestNG.java:91)
]]>
            </full-stacktrace>
          </exception> <!-- java.lang.AssertionError -->
          <reporter-output>
          </reporter-output>
        </test-method> <!-- loginTest -->
        <test-method is-config="true" signature="BrowserClose()[pri:0, instance:pom.SwagTest@2e005c4b]" started-at="2026-03-03T20:50:52 IST" name="BrowserClose" finished-at="2026-03-03T20:50:52 IST" duration-ms="171" status="PASS">
          <reporter-output>
          </reporter-output>
        </test-method> <!-- BrowserClose -->
        <test-method is-config="true" signature="BrowserLaunch()[pri:0, instance:pom.SwagTest@2e005c4b]" started-at="2026-03-03T20:50:52 IST" name="BrowserLaunch" finished-at="2026-03-03T20:50:54 IST" duration-ms="2303" status="PASS">
          <reporter-output>
          </reporter-output>
        </test-method> <!-- BrowserLaunch -->
        <test-method signature="loginTest(java.lang.String,java.lang.String,java.lang.String)[pri:0, instance:pom.SwagTest@2e005c4b]" started-at="2026-03-03T20:50:54 IST" name="loginTest" data-provider="loginData" finished-at="2026-03-03T20:50:55 IST" duration-ms="240" status="PASS">
          <params>
            <param index="0">
              <value>
                <![CDATA[standard_user]]>
              </value>
            </param>
            <param index="1">
              <value>
                <![CDATA[invalidpwd]]>
              </value>
            </param>
            <param index="2">
              <value>
                <![CDATA[error]]>
              </value>
            </param>
          </params>
          <reporter-output>
          </reporter-output>
        </test-method> <!-- loginTest -->
        <test-method is-config="true" signature="BrowserClose()[pri:0, instance:pom.SwagTest@2e005c4b]" started-at="2026-03-03T20:50:55 IST" name="BrowserClose" finished-at="2026-03-03T20:50:55 IST" duration-ms="152" status="PASS">
          <reporter-output>
          </reporter-output>
        </test-method> <!-- BrowserClose -->
        <test-method is-config="true" signature="BrowserLaunch()[pri:0, instance:pom.SwagTest@2e005c4b]" started-at="2026-03-03T20:50:55 IST" name="BrowserLaunch" finished-at="2026-03-03T20:50:57 IST" duration-ms="2413" status="PASS">
          <reporter-output>
          </reporter-output>
        </test-method> <!-- BrowserLaunch -->
        <test-method signature="loginTest(java.lang.String,java.lang.String,java.lang.String)[pri:0, instance:pom.SwagTest@2e005c4b]" started-at="2026-03-03T20:50:57 IST" name="loginTest" data-provider="loginData" finished-at="2026-03-03T20:50:57 IST" duration-ms="248" status="PASS">
          <params>
            <param index="0">
              <value>
                <![CDATA[problem_user]]>
              </value>
            </param>
            <param index="1">
              <value>
                <![CDATA[secret_sauce]]>
              </value>
            </param>
            <param index="2">
              <value>
                <![CDATA[homepage]]>
              </value>
            </param>
          </params>
          <reporter-output>
          </reporter-output>
        </test-method> <!-- loginTest -->
        <test-method is-config="true" signature="BrowserClose()[pri:0, instance:pom.SwagTest@2e005c4b]" started-at="2026-03-03T20:50:57 IST" name="BrowserClose" finished-at="2026-03-03T20:51:04 IST" duration-ms="6457" status="PASS">
          <reporter-output>
          </reporter-output>
        </test-method> <!-- BrowserClose -->
        <test-method is-config="true" signature="BrowserLaunch()[pri:0, instance:pom.SwagTest@2e005c4b]" started-at="2026-03-03T20:51:04 IST" name="BrowserLaunch" finished-at="2026-03-03T20:51:06 IST" duration-ms="2497" status="PASS">
          <reporter-output>
          </reporter-output>
        </test-method> <!-- BrowserLaunch -->
        <test-method signature="loginTest(java.lang.String,java.lang.String,java.lang.String)[pri:0, instance:pom.SwagTest@2e005c4b]" started-at="2026-03-03T20:51:06 IST" name="loginTest" data-provider="loginData" finished-at="2026-03-03T20:51:07 IST" duration-ms="238" status="PASS">
          <params>
            <param index="0">
              <value>
                <![CDATA[locked_out_user]]>
              </value>
            </param>
            <param index="1">
              <value>
                <![CDATA[secret_sauce]]>
              </value>
            </param>
            <param index="2">
              <value>
                <![CDATA[error]]>
              </value>
            </param>
          </params>
          <reporter-output>
          </reporter-output>
        </test-method> <!-- loginTest -->
        <test-method is-config="true" signature="BrowserClose()[pri:0, instance:pom.SwagTest@2e005c4b]" started-at="2026-03-03T20:51:07 IST" name="BrowserClose" finished-at="2026-03-03T20:51:07 IST" duration-ms="128" status="PASS">
          <reporter-output>
          </reporter-output>
        </test-method> <!-- BrowserClose -->
        <test-method is-config="true" signature="BrowserLaunch()[pri:0, instance:pom.SwagTest@2e005c4b]" started-at="2026-03-03T20:51:07 IST" name="BrowserLaunch" finished-at="2026-03-03T20:51:09 IST" duration-ms="2031" status="PASS">
          <reporter-output>
          </reporter-output>
        </test-method> <!-- BrowserLaunch -->
        <test-method signature="loginTest(java.lang.String,java.lang.String,java.lang.String)[pri:0, instance:pom.SwagTest@2e005c4b]" started-at="2026-03-03T20:51:09 IST" name="loginTest" data-provider="loginData" finished-at="2026-03-03T20:51:09 IST" duration-ms="242" status="PASS">
          <params>
            <param index="0">
              <value>
                <![CDATA[error_user]]>
              </value>
            </param>
            <param index="1">
              <value>
                <![CDATA[secret_sauce]]>
              </value>
            </param>
            <param index="2">
              <value>
                <![CDATA[homepage]]>
              </value>
            </param>
          </params>
          <reporter-output>
          </reporter-output>
        </test-method> <!-- loginTest -->
        <test-method is-config="true" signature="BrowserClose()[pri:0, instance:pom.SwagTest@2e005c4b]" started-at="2026-03-03T20:51:09 IST" name="BrowserClose" finished-at="2026-03-03T20:51:09 IST" duration-ms="151" status="PASS">
          <reporter-output>
          </reporter-output>
        </test-method> <!-- BrowserClose -->
        <test-method is-config="true" signature="BrowserLaunch()[pri:0, instance:pom.SwagTest@2e005c4b]" started-at="2026-03-03T20:51:09 IST" name="BrowserLaunch" finished-at="2026-03-03T20:51:12 IST" duration-ms="2471" status="PASS">
          <reporter-output>
          </reporter-output>
        </test-method> <!-- BrowserLaunch -->
        <test-method signature="loginTest(java.lang.String,java.lang.String,java.lang.String)[pri:0, instance:pom.SwagTest@2e005c4b]" started-at="2026-03-03T20:51:12 IST" name="loginTest" data-provider="loginData" finished-at="2026-03-03T20:51:12 IST" duration-ms="231" status="PASS">
          <params>
            <param index="0">
              <value>
                <![CDATA[standard_user]]>
              </value>
            </param>
            <param index="1">
              <value>
                <![CDATA[]]>
              </value>
            </param>
            <param index="2">
              <value>
                <![CDATA[error]]>
              </value>
            </param>
          </params>
          <reporter-output>
          </reporter-output>
        </test-method> <!-- loginTest -->
        <test-method is-config="true" signature="BrowserClose()[pri:0, instance:pom.SwagTest@2e005c4b]" started-at="2026-03-03T20:51:12 IST" name="BrowserClose" finished-at="2026-03-03T20:51:18 IST" duration-ms="6454" status="PASS">
          <reporter-output>
          </reporter-output>
        </test-method> <!-- BrowserClose -->
      </class> <!-- pom.SwagTest -->
    </test> <!-- Default test -->
  </suite> <!-- Default suite -->
</testng-results>
