<?xml version="1.0" encoding="UTF-8"?>
<!-- Generated by org.testng.reporters.JUnitXMLReporter -->
<testsuite ignored="0" hostname="DESKTOP-DCUKDOL" failures="0" tests="12" name="SwagLoginTest" time="19.831" errors="0" timestamp="2026-01-03T11:11:45 IST">
  <testcase classname="tesngSuit.SwagLigin_ValidValid" name="BrowserLaunch" time="1.928"/>
  <testcase classname="tesngSuit.SwagLigin_ValidValid" name="SwagLoginVV" time="4.412"/>
  <testcase classname="tesngSuit.SwagLigin_ValidValid" name="BrowserClose" time="0.124"/>
  <testcase classname="tesngSuit.SwagLigin_ValidInValid" name="BrowserLaunch" time="1.094"/>
  <testcase classname="tesngSuit.SwagLigin_ValidInValid" name="SwagLoginVIV" time="3.291"/>
  <testcase classname="tesngSuit.SwagLigin_ValidInValid" name="BrowserClose" time="0.131"/>
  <testcase classname="tesngSuit.SwagLigin_InValidValid" name="BrowserLaunch" time="0.998"/>
  <testcase classname="tesngSuit.SwagLigin_InValidValid" name="SwagLoginIVV" time="3.192"/>
  <testcase classname="tesngSuit.SwagLigin_InValidValid" name="BrowserClose" time="0.133"/>
  <testcase classname="tesngSuit.SwagLigin_InValidInValid" name="BrowserLaunch" time="1.012"/>
  <testcase classname="tesngSuit.SwagLigin_InValidInValid" name="SwagLoginIVIV" time="3.253"/>
  <testcase classname="tesngSuit.SwagLigin_InValidInValid" name="BrowserClose" time="0.156"/>
</testsuite> <!-- SwagLoginTest -->
